[0.029s] Invoking command in '/home/ammar/Robotics/Graduation_Project/ACSAR_ws/build/robot_control': CMAKE_PREFIX_PATH=${CMAKE_PREFIX_PATH}:/opt/ros/humble /usr/bin/cmake --build /home/ammar/Robotics/Graduation_Project/ACSAR_ws/build/robot_control -- -j12 -l12
[0.068s] [35m[1mConsolidate compiler generated dependencies of target robot_control[0m
[0.085s] [ 50%] [32mBuilding CXX object CMakeFiles/robot_control.dir/src/Hardware_Interface.cpp.o[0m
[2.311s] [01m[K/home/ammar/Robotics/Graduation_Project/ACSAR_ws/src/robot_control/src/Hardware_Interface.cpp:234:66:[m[K [01;31m[Kerror: [m[Kexpected primary-expression before â€˜[01m[Kconst[m[Kâ€™
[2.311s]   234 |     hardware_interface::return_type SimpleHardwareInterface:read([01;31m[Kconst[m[K rclcpp::Time & time, const rclcpp::Duration & period) override
[2.311s]       |                                                                  [01;31m[K^~~~~[m[K
[2.311s] [01m[K/home/ammar/Robotics/Graduation_Project/ACSAR_ws/src/robot_control/src/Hardware_Interface.cpp:234:93:[m[K [01;31m[Kerror: [m[Kexpected primary-expression before â€˜[01m[Kconst[m[Kâ€™
[2.311s]   234 |     hardware_interface::return_type SimpleHardwareInterface:read(const rclcpp::Time & time, [01;31m[Kconst[m[K rclcpp::Duration & period) override
[2.311s]       |                                                                                             [01;31m[K^~~~~[m[K
[2.311s] [01m[K/home/ammar/Robotics/Graduation_Project/ACSAR_ws/src/robot_control/src/Hardware_Interface.cpp:234:124:[m[K [01;31m[Kerror: [m[Kexpected â€˜[01m[K;[m[Kâ€™ at end of member declaration
[2.311s]   234 |     hardware_interface::return_type SimpleHardwareInterface:read(const rclcpp::Time & time, const rclcpp::Duration & period[01;31m[K)[m[K override
[2.311s]       |                                                                                                                            [01;31m[K^[m[K
[2.311s]       |                                                                                                                             [32m[K;[m[K
[2.312s] [01m[K/home/ammar/Robotics/Graduation_Project/ACSAR_ws/src/robot_control/src/Hardware_Interface.cpp:234:126:[m[K [01;31m[Kerror: [m[Kâ€˜[01m[Koverride[m[Kâ€™ does not name a type
[2.312s]   234 |     hardware_interface::return_type SimpleHardwareInterface:read(const rclcpp::Time & time, const rclcpp::Duration & period) [01;31m[Koverride[m[K
[2.312s]       |                                                                                                                              [01;31m[K^~~~~~~~[m[K
[2.315s] In file included from [01m[K/opt/ros/humble/include/rclcpp/rclcpp/context.hpp:35[m[K,
[2.315s]                  from [01m[K/opt/ros/humble/include/rclcpp/rclcpp/executor.hpp:34[m[K,
[2.315s]                  from [01m[K/opt/ros/humble/include/rclcpp/rclcpp/executors/multi_threaded_executor.hpp:25[m[K,
[2.315s]                  from [01m[K/opt/ros/humble/include/rclcpp/rclcpp/executors.hpp:21[m[K,
[2.315s]                  from [01m[K/opt/ros/humble/include/rclcpp/rclcpp/rclcpp.hpp:155[m[K,
[2.315s]                  from [01m[K/home/ammar/Robotics/Graduation_Project/ACSAR_ws/src/robot_control/src/Hardware_Interface.cpp:6[m[K:
[2.315s] [01m[K/home/ammar/Robotics/Graduation_Project/ACSAR_ws/src/robot_control/src/Hardware_Interface.cpp:[m[K In static member function â€˜[01m[Kstatic std::shared_ptr<robot_control::SimpleHardwareInterface> robot_control::SimpleHardwareInterface::make_shared(Args&& ...)[m[Kâ€™:
[2.315s] [01m[K/home/ammar/Robotics/Graduation_Project/ACSAR_ws/src/robot_control/src/Hardware_Interface.cpp:26:35:[m[K [01;31m[Kerror: [m[Kinvalid use of member â€˜[01m[Krobot_control::SimpleHardwareInterface::SimpleHardwareInterface[m[Kâ€™ in static member function
[2.315s]    26 |     RCLCPP_SHARED_PTR_DEFINITIONS([01;31m[KSimpleHardwareInterface[m[K)
[2.315s]       |                                   [01;31m[K^~~~~~~~~~~~~~~~~~~~~~~[m[K
[2.315s] [01m[K/home/ammar/Robotics/Graduation_Project/ACSAR_ws/src/robot_control/src/Hardware_Interface.cpp:234:37:[m[K [01;36m[Knote: [m[Kdeclared here
[2.315s]   234 |     hardware_interface::return_type [01;36m[KSimpleHardwareInterface[m[K:read(const rclcpp::Time & time, const rclcpp::Duration & period) override
[2.315s]       |                                     [01;36m[K^~~~~~~~~~~~~~~~~~~~~~~[m[K
[2.326s] [01m[K/home/ammar/Robotics/Graduation_Project/ACSAR_ws/src/robot_control/src/Hardware_Interface.cpp:[m[K In member function â€˜[01m[Kvirtual hardware_interface::CallbackReturn robot_control::SimpleHardwareInterface::on_activate(const rclcpp_lifecycle::State&)[m[Kâ€™:
[2.327s] [01m[K/home/ammar/Robotics/Graduation_Project/ACSAR_ws/src/robot_control/src/Hardware_Interface.cpp:133:84:[m[K [01;35m[Kwarning: [m[Kunused parameter â€˜[01m[Kprevious_state[m[Kâ€™ [[01;35m[K]8;;https://gcc.gnu.org/onlinedocs/gcc/Warning-Options.html#index-Wunused-parameter-Wunused-parameter]8;;[m[K]
[2.327s]   133 |     hardware_interface::CallbackReturn on_activate([01;35m[Kconst rclcpp_lifecycle::State & previous_state[m[K) override
[2.327s]       |                                                    [01;35m[K~~~~~~~~~~~~~~~~~~~~~~~~~~~~~~~~^~~~~~~~~~~~~~[m[K
[2.327s] [01m[K/home/ammar/Robotics/Graduation_Project/ACSAR_ws/src/robot_control/src/Hardware_Interface.cpp:[m[K In member function â€˜[01m[Kvirtual hardware_interface::CallbackReturn robot_control::SimpleHardwareInterface::on_deactivate(const rclcpp_lifecycle::State&)[m[Kâ€™:
[2.327s] [01m[K/home/ammar/Robotics/Graduation_Project/ACSAR_ws/src/robot_control/src/Hardware_Interface.cpp:193:86:[m[K [01;35m[Kwarning: [m[Kunused parameter â€˜[01m[Kprevious_state[m[Kâ€™ [[01;35m[K]8;;https://gcc.gnu.org/onlinedocs/gcc/Warning-Options.html#index-Wunused-parameter-Wunused-parameter]8;;[m[K]
[2.327s]   193 |     hardware_interface::CallbackReturn on_deactivate([01;35m[Kconst rclcpp_lifecycle::State & previous_state[m[K) override
[2.327s]       |                                                      [01;35m[K~~~~~~~~~~~~~~~~~~~~~~~~~~~~~~~~^~~~~~~~~~~~~~[m[K
[2.340s] [01m[K/home/ammar/Robotics/Graduation_Project/ACSAR_ws/src/robot_control/src/Hardware_Interface.cpp:[m[K In member function â€˜[01m[Kvirtual hardware_interface::return_type robot_control::SimpleHardwareInterface::write(const rclcpp::Time&, const rclcpp::Duration&)[m[Kâ€™:
[2.340s] [01m[K/home/ammar/Robotics/Graduation_Project/ACSAR_ws/src/robot_control/src/Hardware_Interface.cpp:326:52:[m[K [01;31m[Kerror: [m[Kâ€˜[01m[Kvelocity_commands_[m[Kâ€™ was not declared in this scope
[2.340s]   326 |           float rpmFront_left = static_cast<float>([01;31m[Kvelocity_commands_[m[K.at(0));  // Front left
[2.340s]       |                                                    [01;31m[K^~~~~~~~~~~~~~~~~~[m[K
[2.346s] [01m[K/home/ammar/Robotics/Graduation_Project/ACSAR_ws/src/robot_control/src/Hardware_Interface.cpp:345:11:[m[K [01;31m[Kerror: [m[Kâ€˜[01m[KWriteToSerial[m[Kâ€™ was not declared in this scope; did you mean â€˜[01m[KWrite_Serial[m[Kâ€™?
[2.346s]   345 |           [01;31m[KWriteToSerial[m[K(reinterpret_cast<const unsigned char*>(data.c_str()), data.length());
[2.346s]       |           [01;31m[K^~~~~~~~~~~~~[m[K
[2.346s]       |           [32m[KWrite_Serial[m[K
[2.357s] In file included from [01m[K/opt/ros/humble/include/rclcpp/rclcpp/logging.hpp:24[m[K,
[2.357s]                  from [01m[K/opt/ros/humble/include/rclcpp/rclcpp/client.hpp:40[m[K,
[2.357s]                  from [01m[K/opt/ros/humble/include/rclcpp/rclcpp/callback_group.hpp:24[m[K,
[2.357s]                  from [01m[K/opt/ros/humble/include/rclcpp/rclcpp/any_executable.hpp:20[m[K,
[2.357s]                  from [01m[K/opt/ros/humble/include/rclcpp/rclcpp/memory_strategy.hpp:25[m[K,
[2.358s]                  from [01m[K/opt/ros/humble/include/rclcpp/rclcpp/memory_strategies.hpp:18[m[K,
[2.358s]                  from [01m[K/opt/ros/humble/include/rclcpp/rclcpp/executor_options.hpp:20[m[K,
[2.358s]                  from [01m[K/opt/ros/humble/include/rclcpp/rclcpp/executor.hpp:37[m[K,
[2.358s]                  from [01m[K/opt/ros/humble/include/rclcpp/rclcpp/executors/multi_threaded_executor.hpp:25[m[K,
[2.358s]                  from [01m[K/opt/ros/humble/include/rclcpp/rclcpp/executors.hpp:21[m[K,
[2.358s]                  from [01m[K/opt/ros/humble/include/rclcpp/rclcpp/rclcpp.hpp:155[m[K,
[2.358s]                  from [01m[K/home/ammar/Robotics/Graduation_Project/ACSAR_ws/src/robot_control/src/Hardware_Interface.cpp:6[m[K:
[2.358s] [01m[K/home/ammar/Robotics/Graduation_Project/ACSAR_ws/src/robot_control/src/Hardware_Interface.cpp:358:21:[m[K [01;31m[Kerror: [m[Kâ€˜[01m[Kvelocity_commands_[m[Kâ€™ was not declared in this scope
[2.358s]   358 |                     [01;31m[Kvelocity_commands_[m[K.at(0), (velocity_commands_.at(0) >= 0) ? 0 : 1);
[2.358s]       |                     [01;31m[K^~~~~~~~~~~~~~~~~~[m[K
[2.368s] [01m[K/home/ammar/Robotics/Graduation_Project/ACSAR_ws/src/robot_control/src/Hardware_Interface.cpp:360:21:[m[K [01;31m[Kerror: [m[Kâ€˜[01m[Kvelocity_commands_[m[Kâ€™ was not declared in this scope
[2.368s]   360 |                     [01;31m[Kvelocity_commands_[m[K.at(1), (velocity_commands_.at(1) >= 0) ? 0 : 1);
[2.368s]       |                     [01;31m[K^~~~~~~~~~~~~~~~~~[m[K
[2.378s] [01m[K/home/ammar/Robotics/Graduation_Project/ACSAR_ws/src/robot_control/src/Hardware_Interface.cpp:362:21:[m[K [01;31m[Kerror: [m[Kâ€˜[01m[Kvelocity_commands_[m[Kâ€™ was not declared in this scope
[2.378s]   362 |                     [01;31m[Kvelocity_commands_[m[K.at(2), (velocity_commands_.at(2) >= 0) ? 0 : 1);
[2.378s]       |                     [01;31m[K^~~~~~~~~~~~~~~~~~[m[K
[2.387s] [01m[K/home/ammar/Robotics/Graduation_Project/ACSAR_ws/src/robot_control/src/Hardware_Interface.cpp:364:21:[m[K [01;31m[Kerror: [m[Kâ€˜[01m[Kvelocity_commands_[m[Kâ€™ was not declared in this scope
[2.387s]   364 |                     [01;31m[Kvelocity_commands_[m[K.at(3), (velocity_commands_.at(3) >= 0) ? 0 : 1);
[2.388s]       |                     [01;31m[K^~~~~~~~~~~~~~~~~~[m[K
[2.388s] [01m[K/home/ammar/Robotics/Graduation_Project/ACSAR_ws/src/robot_control/src/Hardware_Interface.cpp:320:64:[m[K [01;35m[Kwarning: [m[Kunused parameter â€˜[01m[Ktime[m[Kâ€™ [[01;35m[K]8;;https://gcc.gnu.org/onlinedocs/gcc/Warning-Options.html#index-Wunused-parameter-Wunused-parameter]8;;[m[K]
[2.388s]   320 |     hardware_interface::return_type write([01;35m[Kconst rclcpp::Time & time[m[K, const rclcpp::Duration & period) override
[2.388s]       |                                           [01;35m[K~~~~~~~~~~~~~~~~~~~~~^~~~[m[K
[2.388s] [01m[K/home/ammar/Robotics/Graduation_Project/ACSAR_ws/src/robot_control/src/Hardware_Interface.cpp:320:95:[m[K [01;35m[Kwarning: [m[Kunused parameter â€˜[01m[Kperiod[m[Kâ€™ [[01;35m[K]8;;https://gcc.gnu.org/onlinedocs/gcc/Warning-Options.html#index-Wunused-parameter-Wunused-parameter]8;;[m[K]
[2.388s]   320 |     hardware_interface::return_type write(const rclcpp::Time & time, [01;35m[Kconst rclcpp::Duration & period[m[K) override
[2.388s]       |                                                                      [01;35m[K~~~~~~~~~~~~~~~~~~~~~~~~~^~~~~~[m[K
[2.863s] In file included from [01m[K/opt/ros/humble/include/class_loader/class_loader/class_loader_core.hpp:57[m[K,
[2.863s]                  from [01m[K/opt/ros/humble/include/class_loader/class_loader/class_loader.hpp:55[m[K,
[2.863s]                  from [01m[K/opt/ros/humble/include/pluginlib/pluginlib/class_list_macros.hpp:40[m[K,
[2.863s]                  from [01m[K/home/ammar/Robotics/Graduation_Project/ACSAR_ws/src/robot_control/src/Hardware_Interface.cpp:390[m[K:
[2.864s] /opt/ros/humble/include/class_loader/class_loader/meta_object.hpp: In instantiation of â€˜[01m[KB* class_loader::impl::MetaObject<C, B>::create() const [with C = robot_control::SimpleHardwareInterface; B = hardware_interface::SystemInterface][m[Kâ€™:
[2.864s] [01m[K/opt/ros/humble/include/class_loader/class_loader/meta_object.hpp:216:7:[m[K   required from here
[2.864s] [01m[K/opt/ros/humble/include/class_loader/class_loader/meta_object.hpp:218:12:[m[K [01;31m[Kerror: [m[Kinvalid new-expression of abstract class type â€˜[01m[Krobot_control::SimpleHardwareInterface[m[Kâ€™
[2.864s]   218 |     return [01;31m[Knew C[m[K;
[2.864s]       |            [01;31m[K^~~~~[m[K
[2.864s] [01m[K/home/ammar/Robotics/Graduation_Project/ACSAR_ws/src/robot_control/src/Hardware_Interface.cpp:23:7:[m[K [01;36m[Knote: [m[K  because the following virtual functions are pure within â€˜[01m[Krobot_control::SimpleHardwareInterface[m[Kâ€™:
[2.864s]    23 | class [01;36m[KSimpleHardwareInterface[m[K : public hardware_interface::SystemInterface
[2.864s]       |       [01;36m[K^~~~~~~~~~~~~~~~~~~~~~~[m[K
[2.864s] In file included from [01m[K/home/ammar/Robotics/Graduation_Project/ACSAR_ws/src/robot_control/src/Hardware_Interface.cpp:1[m[K:
[2.864s] [01m[K/opt/ros/humble/include/hardware_interface/system_interface.hpp:175:23:[m[K [01;36m[Knote: [m[K    â€˜[01m[Kvirtual hardware_interface::return_type hardware_interface::SystemInterface::read(const rclcpp::Time&, const rclcpp::Duration&)[m[Kâ€™
[2.864s]   175 |   virtual return_type [01;36m[Kread[m[K(const rclcpp::Time & time, const rclcpp::Duration & period) = 0;
[2.864s]       |                       [01;36m[K^~~~[m[K
[2.917s] gmake[2]: *** [CMakeFiles/robot_control.dir/build.make:76: CMakeFiles/robot_control.dir/src/Hardware_Interface.cpp.o] Error 1
[2.917s] gmake[1]: *** [CMakeFiles/Makefile2:137: CMakeFiles/robot_control.dir/all] Error 2
[2.917s] gmake: *** [Makefile:146: all] Error 2
[2.919s] Invoked command in '/home/ammar/Robotics/Graduation_Project/ACSAR_ws/build/robot_control' returned '2': CMAKE_PREFIX_PATH=${CMAKE_PREFIX_PATH}:/opt/ros/humble /usr/bin/cmake --build /home/ammar/Robotics/Graduation_Project/ACSAR_ws/build/robot_control -- -j12 -l12
