[0.026s] Invoking command in '/home/ammar/Robotics/Graduation_Project/ACSAR_ws/build/robot_control': CMAKE_PREFIX_PATH=${CMAKE_PREFIX_PATH}:/opt/ros/humble /usr/bin/cmake --build /home/ammar/Robotics/Graduation_Project/ACSAR_ws/build/robot_control -- -j12 -l12
[0.064s] [35m[1mConsolidate compiler generated dependencies of target robot_control[0m
[0.081s] [ 50%] [32mBuilding CXX object CMakeFiles/robot_control.dir/src/Hardware_Interface.cpp.o[0m
[0.870s] [01m[K/home/ammar/Robotics/Graduation_Project/ACSAR_ws/src/robot_control/src/Hardware_Interface.cpp:[m[K In destructor â€˜[01m[Kvirtual ACSAR_firmware::ACSARInterface::~ACSARInterface()[m[Kâ€™:
[0.870s] [01m[K/home/ammar/Robotics/Graduation_Project/ACSAR_ws/src/robot_control/src/Hardware_Interface.cpp:22:52:[m[K [01;31m[Kerror: [m[Kexpected unqualified-id before â€˜[01m[K&[m[Kâ€™ token
[0.870s]    22 |             catch (const LibSerial::SerialPortError[01;31m[K&[m[K e)
[0.870s]       |                                                    [01;31m[K^[m[K
[0.870s] [01m[K/home/ammar/Robotics/Graduation_Project/ACSAR_ws/src/robot_control/src/Hardware_Interface.cpp:22:52:[m[K [01;31m[Kerror: [m[Kexpected â€˜[01m[K)[m[Kâ€™ before â€˜[01m[K&[m[Kâ€™ token
[0.871s]    22 |             catch [34m[K([m[Kconst LibSerial::SerialPortError[01;31m[K&[m[K e)
[0.871s]       |                   [34m[K~[m[K                                [01;31m[K^[m[K
[0.871s]       |                                                    [32m[K)[m[K
[0.871s] [01m[K/home/ammar/Robotics/Graduation_Project/ACSAR_ws/src/robot_control/src/Hardware_Interface.cpp:22:52:[m[K [01;31m[Kerror: [m[Kexpected â€˜[01m[K{[m[Kâ€™ before â€˜[01m[K&[m[Kâ€™ token
[0.874s] [01m[K/home/ammar/Robotics/Graduation_Project/ACSAR_ws/src/robot_control/src/Hardware_Interface.cpp:22:54:[m[K [01;31m[Kerror: [m[Kâ€˜[01m[Ke[m[Kâ€™ was not declared in this scope
[0.874s]    22 |             catch (const LibSerial::SerialPortError& [01;31m[Ke[m[K)
[0.874s]       |                                                      [01;31m[K^[m[K
[0.889s] [01m[K/home/ammar/Robotics/Graduation_Project/ACSAR_ws/src/robot_control/src/Hardware_Interface.cpp:[m[K In member function â€˜[01m[Kvirtual hardware_interface::CallbackReturn ACSAR_firmware::ACSARInterface::on_activate(const rclcpp_lifecycle::State&)[m[Kâ€™:
[0.889s] [01m[K/home/ammar/Robotics/Graduation_Project/ACSAR_ws/src/robot_control/src/Hardware_Interface.cpp:142:48:[m[K [01;31m[Kerror: [m[Kexpected unqualified-id before â€˜[01m[K&[m[Kâ€™ token
[0.889s]   142 |         catch (const LibSerial::SerialPortError[01;31m[K&[m[K e)
[0.889s]       |                                                [01;31m[K^[m[K
[0.889s] [01m[K/home/ammar/Robotics/Graduation_Project/ACSAR_ws/src/robot_control/src/Hardware_Interface.cpp:142:48:[m[K [01;31m[Kerror: [m[Kexpected â€˜[01m[K)[m[Kâ€™ before â€˜[01m[K&[m[Kâ€™ token
[0.889s]   142 |         catch [34m[K([m[Kconst LibSerial::SerialPortError[01;31m[K&[m[K e)
[0.889s]       |               [34m[K~[m[K                                [01;31m[K^[m[K
[0.889s]       |                                                [32m[K)[m[K
[0.889s] [01m[K/home/ammar/Robotics/Graduation_Project/ACSAR_ws/src/robot_control/src/Hardware_Interface.cpp:142:48:[m[K [01;31m[Kerror: [m[Kexpected â€˜[01m[K{[m[Kâ€™ before â€˜[01m[K&[m[Kâ€™ token
[0.892s] [01m[K/home/ammar/Robotics/Graduation_Project/ACSAR_ws/src/robot_control/src/Hardware_Interface.cpp:142:50:[m[K [01;31m[Kerror: [m[Kâ€˜[01m[Ke[m[Kâ€™ was not declared in this scope
[0.892s]   142 |         catch (const LibSerial::SerialPortError& [01;31m[Ke[m[K)
[0.892s]       |                                                  [01;31m[K^[m[K
[0.893s] [01m[K/home/ammar/Robotics/Graduation_Project/ACSAR_ws/src/robot_control/src/Hardware_Interface.cpp:98:99:[m[K [01;35m[Kwarning: [m[Kunused parameter â€˜[01m[Kprevious_state[m[Kâ€™ [[01;35m[K]8;;https://gcc.gnu.org/onlinedocs/gcc/Warning-Options.html#index-Wunused-parameter-Wunused-parameter]8;;[m[K]
[0.893s]    98 | terface::on_activate([01;35m[Kconst rclcpp_lifecycle::State &previous_state[m[K)
[0.893s]       |                      [01;35m[K~~~~~~~~~~~~~~~~~~~~~~~~~~~~~~~^~~~~~~~~~~~~~[m[K
[0.893s] 
[0.893s] [01m[K/home/ammar/Robotics/Graduation_Project/ACSAR_ws/src/robot_control/src/Hardware_Interface.cpp:[m[K In member function â€˜[01m[Kvirtual hardware_interface::CallbackReturn ACSAR_firmware::ACSARInterface::on_deactivate(const rclcpp_lifecycle::State&)[m[Kâ€™:
[0.894s] [01m[K/home/ammar/Robotics/Graduation_Project/ACSAR_ws/src/robot_control/src/Hardware_Interface.cpp:166:52:[m[K [01;31m[Kerror: [m[Kexpected unqualified-id before â€˜[01m[K&[m[Kâ€™ token
[0.894s]   166 |             catch (const LibSerial::SerialPortError[01;31m[K&[m[K e)
[0.894s]       |                                                    [01;31m[K^[m[K
[0.894s] [01m[K/home/ammar/Robotics/Graduation_Project/ACSAR_ws/src/robot_control/src/Hardware_Interface.cpp:166:52:[m[K [01;31m[Kerror: [m[Kexpected â€˜[01m[K)[m[Kâ€™ before â€˜[01m[K&[m[Kâ€™ token
[0.894s]   166 |             catch [34m[K([m[Kconst LibSerial::SerialPortError[01;31m[K&[m[K e)
[0.894s]       |                   [34m[K~[m[K                                [01;31m[K^[m[K
[0.894s]       |                                                    [32m[K)[m[K
[0.894s] [01m[K/home/ammar/Robotics/Graduation_Project/ACSAR_ws/src/robot_control/src/Hardware_Interface.cpp:166:52:[m[K [01;31m[Kerror: [m[Kexpected â€˜[01m[K{[m[Kâ€™ before â€˜[01m[K&[m[Kâ€™ token
[0.897s] [01m[K/home/ammar/Robotics/Graduation_Project/ACSAR_ws/src/robot_control/src/Hardware_Interface.cpp:166:54:[m[K [01;31m[Kerror: [m[Kâ€˜[01m[Ke[m[Kâ€™ was not declared in this scope
[0.897s]   166 |             catch (const LibSerial::SerialPortError& [01;31m[Ke[m[K)
[0.897s]       |                                                      [01;31m[K^[m[K
[0.897s] [01m[K/home/ammar/Robotics/Graduation_Project/ACSAR_ws/src/robot_control/src/Hardware_Interface.cpp:152:101:[m[K [01;35m[Kwarning: [m[Kunused parameter â€˜[01m[Kprevious_state[m[Kâ€™ [[01;35m[K]8;;https://gcc.gnu.org/onlinedocs/gcc/Warning-Options.html#index-Wunused-parameter-Wunused-parameter]8;;[m[K]
[0.897s]   152 | rface::on_deactivate([01;35m[Kconst rclcpp_lifecycle::State &previous_state[m[K)
[0.897s]       |                      [01;35m[K~~~~~~~~~~~~~~~~~~~~~~~~~~~~~~~^~~~~~~~~~~~~~[m[K
[0.897s] 
[0.899s] [01m[K/home/ammar/Robotics/Graduation_Project/ACSAR_ws/src/robot_control/src/Hardware_Interface.cpp:[m[K In member function â€˜[01m[Kvirtual hardware_interface::return_type ACSAR_firmware::ACSARInterface::read(const rclcpp::Time&, const rclcpp::Duration&)[m[Kâ€™:
[0.899s] [01m[K/home/ammar/Robotics/Graduation_Project/ACSAR_ws/src/robot_control/src/Hardware_Interface.cpp:256:52:[m[K [01;31m[Kerror: [m[Kexpected unqualified-id before â€˜[01m[K&[m[Kâ€™ token
[0.899s]   256 |             catch (const LibSerial::SerialPortError[01;31m[K&[m[K e)
[0.899s]       |                                                    [01;31m[K^[m[K
[0.899s] [01m[K/home/ammar/Robotics/Graduation_Project/ACSAR_ws/src/robot_control/src/Hardware_Interface.cpp:256:52:[m[K [01;31m[Kerror: [m[Kexpected â€˜[01m[K)[m[Kâ€™ before â€˜[01m[K&[m[Kâ€™ token
[0.899s]   256 |             catch [34m[K([m[Kconst LibSerial::SerialPortError[01;31m[K&[m[K e)
[0.899s]       |                   [34m[K~[m[K                                [01;31m[K^[m[K
[0.899s]       |                                                    [32m[K)[m[K
[0.899s] [01m[K/home/ammar/Robotics/Graduation_Project/ACSAR_ws/src/robot_control/src/Hardware_Interface.cpp:256:52:[m[K [01;31m[Kerror: [m[Kexpected â€˜[01m[K{[m[Kâ€™ before â€˜[01m[K&[m[Kâ€™ token
[0.902s] [01m[K/home/ammar/Robotics/Graduation_Project/ACSAR_ws/src/robot_control/src/Hardware_Interface.cpp:256:54:[m[K [01;31m[Kerror: [m[Kâ€˜[01m[Ke[m[Kâ€™ was not declared in this scope
[0.902s]   256 |             catch (const LibSerial::SerialPortError& [01;31m[Ke[m[K)
[0.902s]       |                                                      [01;31m[K^[m[K
[0.902s] [01m[K/home/ammar/Robotics/Graduation_Project/ACSAR_ws/src/robot_control/src/Hardware_Interface.cpp:261:13:[m[K [01;31m[Kerror: [m[Kexpected primary-expression before â€˜[01m[Kcatch[m[Kâ€™
[0.903s]   261 |             [01;31m[Kcatch[m[K (const std::exception& e)
[0.903s]       |             [01;31m[K^~~~~[m[K
[0.903s] [01m[K/home/ammar/Robotics/Graduation_Project/ACSAR_ws/src/robot_control/src/Hardware_Interface.cpp:177:78:[m[K [01;35m[Kwarning: [m[Kunused parameter â€˜[01m[Ktime[m[Kâ€™ [[01;35m[K]8;;https://gcc.gnu.org/onlinedocs/gcc/Warning-Options.html#index-Wunused-parameter-Wunused-parameter]8;;[m[K]
[0.903s]   177 | eturn_type ACSARInterface::read([01;35m[Kconst rclcpp::Time &time[m[K, const rclcpp::Duration &period)
[0.903s]       |                                 [01;35m[K~~~~~~~~~~~~~~~~~~~~^~~~[m[K
[0.903s] 
[0.903s] [01m[K/home/ammar/Robotics/Graduation_Project/ACSAR_ws/src/robot_control/src/Hardware_Interface.cpp:177:108:[m[K [01;35m[Kwarning: [m[Kunused parameter â€˜[01m[Kperiod[m[Kâ€™ [[01;35m[K]8;;https://gcc.gnu.org/onlinedocs/gcc/Warning-Options.html#index-Wunused-parameter-Wunused-parameter]8;;[m[K]
[0.903s]   177 | :read(const rclcpp::Time &time, [01;35m[Kconst rclcpp::Duration &period[m[K)
[0.903s]       |                                 [01;35m[K~~~~~~~~~~~~~~~~~~~~~~~~^~~~~~[m[K
[0.903s] 
[0.907s] [01m[K/home/ammar/Robotics/Graduation_Project/ACSAR_ws/src/robot_control/src/Hardware_Interface.cpp:[m[K In member function â€˜[01m[Kvirtual hardware_interface::return_type ACSAR_firmware::ACSARInterface::write(const rclcpp::Time&, const rclcpp::Duration&)[m[Kâ€™:
[0.907s] [01m[K/home/ammar/Robotics/Graduation_Project/ACSAR_ws/src/robot_control/src/Hardware_Interface.cpp:270:79:[m[K [01;35m[Kwarning: [m[Kunused parameter â€˜[01m[Ktime[m[Kâ€™ [[01;35m[K]8;;https://gcc.gnu.org/onlinedocs/gcc/Warning-Options.html#index-Wunused-parameter-Wunused-parameter]8;;[m[K]
[0.907s]   270 | turn_type ACSARInterface::write([01;35m[Kconst rclcpp::Time &time[m[K, const rclcpp::Duration &period)
[0.907s]       |                                 [01;35m[K~~~~~~~~~~~~~~~~~~~~^~~~[m[K
[0.907s] 
[0.907s] [01m[K/home/ammar/Robotics/Graduation_Project/ACSAR_ws/src/robot_control/src/Hardware_Interface.cpp:270:109:[m[K [01;35m[Kwarning: [m[Kunused parameter â€˜[01m[Kperiod[m[Kâ€™ [[01;35m[K]8;;https://gcc.gnu.org/onlinedocs/gcc/Warning-Options.html#index-Wunused-parameter-Wunused-parameter]8;;[m[K]
[0.907s]   270 | write(const rclcpp::Time &time, [01;35m[Kconst rclcpp::Duration &period[m[K)
[0.907s]       |                                 [01;35m[K~~~~~~~~~~~~~~~~~~~~~~~~^~~~~~[m[K
[0.907s] 
[1.142s] gmake[2]: *** [CMakeFiles/robot_control.dir/build.make:76: CMakeFiles/robot_control.dir/src/Hardware_Interface.cpp.o] Error 1
[1.142s] gmake[1]: *** [CMakeFiles/Makefile2:137: CMakeFiles/robot_control.dir/all] Error 2
[1.142s] gmake: *** [Makefile:146: all] Error 2
[1.144s] Invoked command in '/home/ammar/Robotics/Graduation_Project/ACSAR_ws/build/robot_control' returned '2': CMAKE_PREFIX_PATH=${CMAKE_PREFIX_PATH}:/opt/ros/humble /usr/bin/cmake --build /home/ammar/Robotics/Graduation_Project/ACSAR_ws/build/robot_control -- -j12 -l12
