[0.030s] Invoking command in '/home/ammar/Robotics/Graduation_Project/ACSAR_ws/build/robot_control': CMAKE_PREFIX_PATH=${CMAKE_PREFIX_PATH}:/opt/ros/humble /usr/bin/cmake --build /home/ammar/Robotics/Graduation_Project/ACSAR_ws/build/robot_control -- -j12 -l12
[0.121s] [ 50%] [32mBuilding CXX object CMakeFiles/robot_control.dir/src/Hardware_Interface.cpp.o[0m
[2.802s] [01m[K/home/ammar/Robotics/Graduation_Project/ACSAR_ws/src/robot_control/src/Hardware_Interface.cpp:204:9:[m[K [01;31m[Kerror: [m[Kextra qualification â€˜[01m[Krobot_control::SimpleHardwareInterface::[m[Kâ€™ on member â€˜[01m[KWrite_Serial[m[Kâ€™ [[01;31m[K]8;;https://gcc.gnu.org/onlinedocs/gcc/Warning-Options.html#index-fpermissive-fpermissive]8;;[m[K]
[2.802s]   204 |     int [01;31m[KSimpleHardwareInterface[m[K::Write_Serial(const unsigned char* buf, int len)
[2.802s]       |         [01;31m[K^~~~~~~~~~~~~~~~~~~~~~~[m[K
[2.802s] [01m[K/home/ammar/Robotics/Graduation_Project/ACSAR_ws/src/robot_control/src/Hardware_Interface.cpp:209:9:[m[K [01;31m[Kerror: [m[Kextra qualification â€˜[01m[Krobot_control::SimpleHardwareInterface::[m[Kâ€™ on member â€˜[01m[KRead_Serial[m[Kâ€™ [[01;31m[K]8;;https://gcc.gnu.org/onlinedocs/gcc/Warning-Options.html#index-fpermissive-fpermissive]8;;[m[K]
[2.803s]   209 |     int [01;31m[KSimpleHardwareInterface[m[K::Read_Serial(unsigned char* buf,int len)
[2.803s]       |         [01;31m[K^~~~~~~~~~~~~~~~~~~~~~~[m[K
[2.803s] [01m[K/home/ammar/Robotics/Graduation_Project/ACSAR_ws/src/robot_control/src/Hardware_Interface.cpp:234:66:[m[K [01;31m[Kerror: [m[Kexpected primary-expression before â€˜[01m[Kconst[m[Kâ€™
[2.803s]   234 | interface::return_type SimpleHardwareInterface:read([01;31m[Kconst[m[K rclcpp::Time & time, const rclcpp::Duration & period) override
[2.803s]       |                                                     [01;31m[K^~~~~[m[K
[2.803s] 
[2.803s] [01m[K/home/ammar/Robotics/Graduation_Project/ACSAR_ws/src/robot_control/src/Hardware_Interface.cpp:234:93:[m[K [01;31m[Kerror: [m[Kexpected primary-expression before â€˜[01m[Kconst[m[Kâ€™
[2.803s]   234 | leHardwareInterface:read(const rclcpp::Time & time, [01;31m[Kconst[m[K rclcpp::Duration & period) override
[2.803s]       |                                                     [01;31m[K^~~~~[m[K
[2.803s] 
[2.803s] [01m[K/home/ammar/Robotics/Graduation_Project/ACSAR_ws/src/robot_control/src/Hardware_Interface.cpp:234:124:[m[K [01;31m[Kerror: [m[Kexpected â€˜[01m[K;[m[Kâ€™ at end of member declaration
[2.803s]   234 |  rclcpp::Time & time, const rclcpp::Duration & period[01;31m[K)[m[K override
[2.803s]       |                                                      [01;31m[K^[m[K
[2.803s]       |                                                       [32m[K;[m[K
[2.807s] [01m[K/home/ammar/Robotics/Graduation_Project/ACSAR_ws/src/robot_control/src/Hardware_Interface.cpp:234:126:[m[K [01;31m[Kerror: [m[Kâ€˜[01m[Koverride[m[Kâ€™ does not name a type
[2.807s]   234 |  rclcpp::Time & time, const rclcpp::Duration & period) [01;31m[Koverride[m[K
[2.807s]       |                                                        [01;31m[K^~~~~~~~[m[K
[2.807s] 
[2.807s] [01m[K/home/ammar/Robotics/Graduation_Project/ACSAR_ws/src/robot_control/src/Hardware_Interface.cpp:320:67:[m[K [01;31m[Kerror: [m[Kexpected primary-expression before â€˜[01m[Kconst[m[Kâ€™
[2.807s]   320 | nterface::return_type SimpleHardwareInterface:write([01;31m[Kconst[m[K rclcpp::Time & time, const rclcpp::Duration & period) override
[2.808s]       |                                                     [01;31m[K^~~~~[m[K
[2.808s] 
[2.808s] [01m[K/home/ammar/Robotics/Graduation_Project/ACSAR_ws/src/robot_control/src/Hardware_Interface.cpp:320:94:[m[K [01;31m[Kerror: [m[Kexpected primary-expression before â€˜[01m[Kconst[m[Kâ€™
[2.808s]   320 | eHardwareInterface:write(const rclcpp::Time & time, [01;31m[Kconst[m[K rclcpp::Duration & period) override
[2.808s]       |                                                     [01;31m[K^~~~~[m[K
[2.808s] 
[2.808s] [01m[K/home/ammar/Robotics/Graduation_Project/ACSAR_ws/src/robot_control/src/Hardware_Interface.cpp:320:125:[m[K [01;31m[Kerror: [m[Kexpected â€˜[01m[K;[m[Kâ€™ at end of member declaration
[2.808s]   320 |  rclcpp::Time & time, const rclcpp::Duration & period[01;31m[K)[m[K override
[2.808s]       |                                                      [01;31m[K^[m[K
[2.808s]       |                                                       [32m[K;[m[K
[2.808s] [01m[K/home/ammar/Robotics/Graduation_Project/ACSAR_ws/src/robot_control/src/Hardware_Interface.cpp:320:125:[m[K [01;31m[Kerror: [m[Kredeclaration of â€˜[01m[Khardware_interface::return_type robot_control::SimpleHardwareInterface::SimpleHardwareInterface[m[Kâ€™
[2.808s] [01m[K/home/ammar/Robotics/Graduation_Project/ACSAR_ws/src/robot_control/src/Hardware_Interface.cpp:234:37:[m[K [01;36m[Knote: [m[Kprevious declaration â€˜[01m[Khardware_interface::return_type robot_control::SimpleHardwareInterface::SimpleHardwareInterface[m[Kâ€™
[2.808s]   234 |     hardware_interface::return_type [01;36m[KSimpleHardwareInterface[m[K:read(const rclcpp::Time & time, const rclcpp::Duration & period) override
[2.808s]       |                                     [01;36m[K^~~~~~~~~~~~~~~~~~~~~~~[m[K
[2.810s] [01m[K/home/ammar/Robotics/Graduation_Project/ACSAR_ws/src/robot_control/src/Hardware_Interface.cpp:320:127:[m[K [01;31m[Kerror: [m[Kâ€˜[01m[Koverride[m[Kâ€™ does not name a type
[2.810s]   320 |  rclcpp::Time & time, const rclcpp::Duration & period) [01;31m[Koverride[m[K
[2.810s]       |                                                        [01;31m[K^~~~~~~~[m[K
[2.810s] 
[2.813s] In file included from [01m[K/opt/ros/humble/include/rclcpp/rclcpp/context.hpp:35[m[K,
[2.813s]                  from [01m[K/opt/ros/humble/include/rclcpp/rclcpp/executor.hpp:34[m[K,
[2.813s]                  from [01m[K/opt/ros/humble/include/rclcpp/rclcpp/executors/multi_threaded_executor.hpp:25[m[K,
[2.813s]                  from [01m[K/opt/ros/humble/include/rclcpp/rclcpp/executors.hpp:21[m[K,
[2.813s]                  from [01m[K/opt/ros/humble/include/rclcpp/rclcpp/rclcpp.hpp:155[m[K,
[2.813s]                  from [01m[K/home/ammar/Robotics/Graduation_Project/ACSAR_ws/src/robot_control/src/Hardware_Interface.cpp:6[m[K:
[2.813s] [01m[K/home/ammar/Robotics/Graduation_Project/ACSAR_ws/src/robot_control/src/Hardware_Interface.cpp:[m[K In static member function â€˜[01m[Kstatic std::shared_ptr<robot_control::SimpleHardwareInterface> robot_control::SimpleHardwareInterface::make_shared(Args&& ...)[m[Kâ€™:
[2.814s] [01m[K/home/ammar/Robotics/Graduation_Project/ACSAR_ws/src/robot_control/src/Hardware_Interface.cpp:26:35:[m[K [01;31m[Kerror: [m[Kinvalid use of member â€˜[01m[Krobot_control::SimpleHardwareInterface::SimpleHardwareInterface[m[Kâ€™ in static member function
[2.814s]    26 |     RCLCPP_SHARED_PTR_DEFINITIONS([01;31m[KSimpleHardwareInterface[m[K)
[2.814s]       |                                   [01;31m[K^~~~~~~~~~~~~~~~~~~~~~~[m[K
[2.814s] [01m[K/home/ammar/Robotics/Graduation_Project/ACSAR_ws/src/robot_control/src/Hardware_Interface.cpp:234:37:[m[K [01;36m[Knote: [m[Kdeclared here
[2.814s]   234 |     hardware_interface::return_type [01;36m[KSimpleHardwareInterface[m[K:read(const rclcpp::Time & time, const rclcpp::Duration & period) override
[2.814s]       |                                     [01;36m[K^~~~~~~~~~~~~~~~~~~~~~~[m[K
[2.831s] [01m[K/home/ammar/Robotics/Graduation_Project/ACSAR_ws/src/robot_control/src/Hardware_Interface.cpp:[m[K In member function â€˜[01m[Kvirtual hardware_interface::CallbackReturn robot_control::SimpleHardwareInterface::on_activate(const rclcpp_lifecycle::State&)[m[Kâ€™:
[2.831s] [01m[K/home/ammar/Robotics/Graduation_Project/ACSAR_ws/src/robot_control/src/Hardware_Interface.cpp:133:84:[m[K [01;35m[Kwarning: [m[Kunused parameter â€˜[01m[Kprevious_state[m[Kâ€™ [[01;35m[K]8;;https://gcc.gnu.org/onlinedocs/gcc/Warning-Options.html#index-Wunused-parameter-Wunused-parameter]8;;[m[K]
[2.832s]   133 | kReturn on_activate([01;35m[Kconst rclcpp_lifecycle::State & previous_state[m[K) override
[2.832s]       |                     [01;35m[K~~~~~~~~~~~~~~~~~~~~~~~~~~~~~~~~^~~~~~~~~~~~~~[m[K
[2.832s] 
[2.832s] [01m[K/home/ammar/Robotics/Graduation_Project/ACSAR_ws/src/robot_control/src/Hardware_Interface.cpp:[m[K In member function â€˜[01m[Kvirtual hardware_interface::CallbackReturn robot_control::SimpleHardwareInterface::on_deactivate(const rclcpp_lifecycle::State&)[m[Kâ€™:
[2.832s] [01m[K/home/ammar/Robotics/Graduation_Project/ACSAR_ws/src/robot_control/src/Hardware_Interface.cpp:193:86:[m[K [01;35m[Kwarning: [m[Kunused parameter â€˜[01m[Kprevious_state[m[Kâ€™ [[01;35m[K]8;;https://gcc.gnu.org/onlinedocs/gcc/Warning-Options.html#index-Wunused-parameter-Wunused-parameter]8;;[m[K]
[2.832s]   193 | eturn on_deactivate([01;35m[Kconst rclcpp_lifecycle::State & previous_state[m[K) override
[2.832s]       |                     [01;35m[K~~~~~~~~~~~~~~~~~~~~~~~~~~~~~~~~^~~~~~~~~~~~~~[m[K
[2.833s] 
[2.833s] In file included from [01m[K/opt/ros/humble/include/rclcpp/rclcpp/client.hpp:40[m[K,
[2.833s]                  from [01m[K/opt/ros/humble/include/rclcpp/rclcpp/callback_group.hpp:24[m[K,
[2.833s]                  from [01m[K/opt/ros/humble/include/rclcpp/rclcpp/any_executable.hpp:20[m[K,
[2.833s]                  from [01m[K/opt/ros/humble/include/rclcpp/rclcpp/memory_strategy.hpp:25[m[K,
[2.833s]                  from [01m[K/opt/ros/humble/include/rclcpp/rclcpp/memory_strategies.hpp:18[m[K,
[2.834s]                  from [01m[K/opt/ros/humble/include/rclcpp/rclcpp/executor_options.hpp:20[m[K,
[2.834s]                  from [01m[K/opt/ros/humble/include/rclcpp/rclcpp/executor.hpp:37[m[K,
[2.834s]                  from [01m[K/opt/ros/humble/include/rclcpp/rclcpp/executors/multi_threaded_executor.hpp:25[m[K,
[2.834s]                  from [01m[K/opt/ros/humble/include/rclcpp/rclcpp/executors.hpp:21[m[K,
[2.834s]                  from [01m[K/opt/ros/humble/include/rclcpp/rclcpp/rclcpp.hpp:155[m[K,
[2.834s]                  from [01m[K/home/ammar/Robotics/Graduation_Project/ACSAR_ws/src/robot_control/src/Hardware_Interface.cpp:6[m[K:
[2.834s] [01m[K/home/ammar/Robotics/Graduation_Project/ACSAR_ws/src/robot_control/src/Hardware_Interface.cpp:[m[K In member function â€˜[01m[Kint robot_control::SimpleHardwareInterface::Read_Serial(unsigned char*, int)[m[Kâ€™:
[2.834s] [01m[K/home/ammar/Robotics/Graduation_Project/ACSAR_ws/src/robot_control/src/Hardware_Interface.cpp:218:38:[m[K [01;31m[Kerror: [m[Kâ€˜[01m[Kget_loger[m[Kâ€™ is not a member of â€˜[01m[Krclcpp[m[Kâ€™; did you mean â€˜[01m[Kget_logger[m[Kâ€™?
[2.834s]   218 |                 RCLCPP_ERROR(rclcpp::[01;31m[Kget_loger[m[K("SimpleHardwareInterface"),"Failed to read from serial port: %s",strerror(errno));
[2.834s]       |                                      [01;31m[K^~~~~~~~~[m[K
[2.834s] [01m[K/home/ammar/Robotics/Graduation_Project/ACSAR_ws/src/robot_control/src/Hardware_Interface.cpp:218:38:[m[K [01;31m[Kerror: [m[Kâ€˜[01m[Kget_loger[m[Kâ€™ is not a member of â€˜[01m[Krclcpp[m[Kâ€™; did you mean â€˜[01m[Kget_logger[m[Kâ€™?
[2.834s] [01m[K/home/ammar/Robotics/Graduation_Project/ACSAR_ws/src/robot_control/src/Hardware_Interface.cpp:218:17:[m[K [01;31m[Kerror: [m[Ktemplate argument 1 is invalid
[2.834s]   218 |                 [01;31m[KRCLCPP_ERROR[m[K(rclcpp::get_loger("SimpleHardwareInterface"),"Failed to read from serial port: %s",strerror(errno));
[2.835s]       |                 [01;31m[K^~~~~~~~~~~~[m[K
[2.835s] [01m[K/home/ammar/Robotics/Graduation_Project/ACSAR_ws/src/robot_control/src/Hardware_Interface.cpp:218:17:[m[K [01;31m[Kerror: [m[Ktemplate argument 1 is invalid
[2.835s]   218 |                 [01;31m[KRCLCPP_ERROR[m[K(rclcpp::get_loger("SimpleHardwareInterface"),"Failed to read from serial port: %s",strerror(errno));
[2.835s]       |                 [01;31m[K^~~~~~~~~~~~[m[K
[2.835s] [01m[K/home/ammar/Robotics/Graduation_Project/ACSAR_ws/src/robot_control/src/Hardware_Interface.cpp:218:17:[m[K [01;31m[Kerror: [m[Ktemplate argument 1 is invalid
[2.835s]   218 |                 [01;31m[KRCLCPP_ERROR[m[K(rclcpp::get_loger("SimpleHardwareInterface"),"Failed to read from serial port: %s",strerror(errno));
[2.835s]       |                 [01;31m[K^~~~~~~~~~~~[m[K
[2.835s] In file included from [01m[K/opt/ros/humble/include/rclcpp/rclcpp/logging.hpp:24[m[K,
[2.835s]                  from [01m[K/opt/ros/humble/include/rclcpp/rclcpp/client.hpp:40[m[K,
[2.835s]                  from [01m[K/opt/ros/humble/include/rclcpp/rclcpp/callback_group.hpp:24[m[K,
[2.835s]                  from [01m[K/opt/ros/humble/include/rclcpp/rclcpp/any_executable.hpp:20[m[K,
[2.835s]                  from [01m[K/opt/ros/humble/include/rclcpp/rclcpp/memory_strategy.hpp:25[m[K,
[2.835s]                  from [01m[K/opt/ros/humble/include/rclcpp/rclcpp/memory_strategies.hpp:18[m[K,
[2.835s]                  from [01m[K/opt/ros/humble/include/rclcpp/rclcpp/executor_options.hpp:20[m[K,
[2.835s]                  from [01m[K/opt/ros/humble/include/rclcpp/rclcpp/executor.hpp:37[m[K,
[2.835s]                  from [01m[K/opt/ros/humble/include/rclcpp/rclcpp/executors/multi_threaded_executor.hpp:25[m[K,
[2.835s]                  from [01m[K/opt/ros/humble/include/rclcpp/rclcpp/executors.hpp:21[m[K,
[2.836s]                  from [01m[K/opt/ros/humble/include/rclcpp/rclcpp/rclcpp.hpp:155[m[K,
[2.836s]                  from [01m[K/home/ammar/Robotics/Graduation_Project/ACSAR_ws/src/robot_control/src/Hardware_Interface.cpp:6[m[K:
[2.836s] [01m[K/home/ammar/Robotics/Graduation_Project/ACSAR_ws/src/robot_control/src/Hardware_Interface.cpp:218:38:[m[K [01;31m[Kerror: [m[Kâ€˜[01m[Kget_loger[m[Kâ€™ is not a member of â€˜[01m[Krclcpp[m[Kâ€™; did you mean â€˜[01m[Kget_logger[m[Kâ€™?
[2.836s]   218 |                 RCLCPP_ERROR(rclcpp::[01;31m[Kget_loger[m[K("SimpleHardwareInterface"),"Failed to read from serial port: %s",strerror(errno));
[2.836s]       |                                      [01;31m[K^~~~~~~~~[m[K
[2.836s] [01m[K/home/ammar/Robotics/Graduation_Project/ACSAR_ws/src/robot_control/src/Hardware_Interface.cpp:218:38:[m[K [01;31m[Kerror: [m[Kâ€˜[01m[Kget_loger[m[Kâ€™ is not a member of â€˜[01m[Krclcpp[m[Kâ€™; did you mean â€˜[01m[Kget_logger[m[Kâ€™?
[2.836s]   218 |                 RCLCPP_ERROR(rclcpp::[01;31m[Kget_loger[m[K("SimpleHardwareInterface"),"Failed to read from serial port: %s",strerror(errno));
[2.836s]       |                                      [01;31m[K^~~~~~~~~[m[K
[3.350s] In file included from [01m[K/opt/ros/humble/include/class_loader/class_loader/class_loader_core.hpp:57[m[K,
[3.350s]                  from [01m[K/opt/ros/humble/include/class_loader/class_loader/class_loader.hpp:55[m[K,
[3.350s]                  from [01m[K/opt/ros/humble/include/pluginlib/pluginlib/class_list_macros.hpp:40[m[K,
[3.350s]                  from [01m[K/home/ammar/Robotics/Graduation_Project/ACSAR_ws/src/robot_control/src/Hardware_Interface.cpp:390[m[K:
[3.350s] /opt/ros/humble/include/class_loader/class_loader/meta_object.hpp: In instantiation of â€˜[01m[KB* class_loader::impl::MetaObject<C, B>::create() const [with C = robot_control::SimpleHardwareInterface; B = hardware_interface::SystemInterface][m[Kâ€™:
[3.350s] [01m[K/opt/ros/humble/include/class_loader/class_loader/meta_object.hpp:216:7:[m[K   required from here
[3.350s] [01m[K/opt/ros/humble/include/class_loader/class_loader/meta_object.hpp:218:12:[m[K [01;31m[Kerror: [m[Kinvalid new-expression of abstract class type â€˜[01m[Krobot_control::SimpleHardwareInterface[m[Kâ€™
[3.350s]   218 |     return [01;31m[Knew C[m[K;
[3.350s]       |            [01;31m[K^~~~~[m[K
[3.351s] [01m[K/home/ammar/Robotics/Graduation_Project/ACSAR_ws/src/robot_control/src/Hardware_Interface.cpp:23:7:[m[K [01;36m[Knote: [m[K  because the following virtual functions are pure within â€˜[01m[Krobot_control::SimpleHardwareInterface[m[Kâ€™:
[3.351s]    23 | class [01;36m[KSimpleHardwareInterface[m[K : public hardware_interface::SystemInterface
[3.351s]       |       [01;36m[K^~~~~~~~~~~~~~~~~~~~~~~[m[K
[3.351s] In file included from [01m[K/home/ammar/Robotics/Graduation_Project/ACSAR_ws/src/robot_control/src/Hardware_Interface.cpp:1[m[K:
[3.351s] [01m[K/opt/ros/humble/include/hardware_interface/system_interface.hpp:175:23:[m[K [01;36m[Knote: [m[K    â€˜[01m[Kvirtual hardware_interface::return_type hardware_interface::SystemInterface::read(const rclcpp::Time&, const rclcpp::Duration&)[m[Kâ€™
[3.351s]   175 |   virtual return_type [01;36m[Kread[m[K(const rclcpp::Time & time, const rclcpp::Duration & period) = 0;
[3.351s]       |                       [01;36m[K^~~~[m[K
[3.351s] [01m[K/opt/ros/humble/include/hardware_interface/system_interface.hpp:186:23:[m[K [01;36m[Knote: [m[K    â€˜[01m[Kvirtual hardware_interface::return_type hardware_interface::SystemInterface::write(const rclcpp::Time&, const rclcpp::Duration&)[m[Kâ€™
[3.351s]   186 |   virtual return_type [01;36m[Kwrite[m[K(const rclcpp::Time & time, const rclcpp::Duration & period) = 0;
[3.351s]       |                       [01;36m[K^~~~~[m[K
[3.411s] gmake[2]: *** [CMakeFiles/robot_control.dir/build.make:76: CMakeFiles/robot_control.dir/src/Hardware_Interface.cpp.o] Error 1
[3.412s] gmake[1]: *** [CMakeFiles/Makefile2:137: CMakeFiles/robot_control.dir/all] Error 2
[3.412s] gmake: *** [Makefile:146: all] Error 2
[3.414s] Invoked command in '/home/ammar/Robotics/Graduation_Project/ACSAR_ws/build/robot_control' returned '2': CMAKE_PREFIX_PATH=${CMAKE_PREFIX_PATH}:/opt/ros/humble /usr/bin/cmake --build /home/ammar/Robotics/Graduation_Project/ACSAR_ws/build/robot_control -- -j12 -l12
