[0.027s] Invoking command in '/home/ammar/Robotics/Graduation_Project/ACSAR_ws/build/robot_control': CMAKE_PREFIX_PATH=${CMAKE_PREFIX_PATH}:/opt/ros/humble /usr/bin/cmake --build /home/ammar/Robotics/Graduation_Project/ACSAR_ws/build/robot_control -- -j12 -l12
[0.080s] [ 50%] [32mBuilding CXX object CMakeFiles/robot_control.dir/src/Hardware_Interface.cpp.o[0m
[2.482s] [01m[K/home/ammar/Robotics/Graduation_Project/ACSAR_ws/src/robot_control/src/Hardware_Interface.cpp:[m[K In member function â€˜[01m[Kvirtual hardware_interface::CallbackReturn ACSAR_firmware::ACSARInterface::on_activate(const rclcpp_lifecycle::State&)[m[Kâ€™:
[2.483s] [01m[K/home/ammar/Robotics/Graduation_Project/ACSAR_ws/src/robot_control/src/Hardware_Interface.cpp:153:99:[m[K [01;35m[Kwarning: [m[Kunused parameter â€˜[01m[Kprevious_state[m[Kâ€™ [[01;35m[K]8;;https://gcc.gnu.org/onlinedocs/gcc/Warning-Options.html#index-Wunused-parameter-Wunused-parameter]8;;[m[K]
[2.483s]   153 | backReturn ACSARInterface::on_activate([01;35m[Kconst rclcpp_lifecycle::State &previous_state[m[K)
[2.483s]       |                                        [01;35m[K~~~~~~~~~~~~~~~~~~~~~~~~~~~~~~~^~~~~~~~~~~~~~[m[K
[2.483s] 
[2.484s] [01m[K/home/ammar/Robotics/Graduation_Project/ACSAR_ws/src/robot_control/src/Hardware_Interface.cpp:[m[K In member function â€˜[01m[Kvirtual hardware_interface::CallbackReturn ACSAR_firmware::ACSARInterface::on_deactivate(const rclcpp_lifecycle::State&)[m[Kâ€™:
[2.484s] [01m[K/home/ammar/Robotics/Graduation_Project/ACSAR_ws/src/robot_control/src/Hardware_Interface.cpp:226:101:[m[K [01;35m[Kwarning: [m[Kunused parameter â€˜[01m[Kprevious_state[m[Kâ€™ [[01;35m[K]8;;https://gcc.gnu.org/onlinedocs/gcc/Warning-Options.html#index-Wunused-parameter-Wunused-parameter]8;;[m[K]
[2.485s]   226 | ckReturn ACSARInterface::on_deactivate([01;35m[Kconst rclcpp_lifecycle::State &previous_state[m[K)
[2.485s]       |                                        [01;35m[K~~~~~~~~~~~~~~~~~~~~~~~~~~~~~~~^~~~~~~~~~~~~~[m[K
[2.485s] 
[2.489s] In file included from [01m[K/opt/ros/humble/include/rclcpp/rclcpp/logging.hpp:24[m[K,
[2.489s]                  from [01m[K/home/ammar/Robotics/Graduation_Project/ACSAR_ws/src/robot_control/include/robot_control/Hardware_Interface.hpp:18[m[K,
[2.489s]                  from [01m[K/home/ammar/Robotics/Graduation_Project/ACSAR_ws/src/robot_control/src/Hardware_Interface.cpp:1[m[K:
[2.489s] [01m[K/home/ammar/Robotics/Graduation_Project/ACSAR_ws/src/robot_control/src/Hardware_Interface.cpp:[m[K In member function â€˜[01m[Kvirtual hardware_interface::return_type ACSAR_firmware::ACSARInterface::read(const rclcpp::Time&, const rclcpp::Duration&)[m[Kâ€™:
[2.489s] [01m[K/home/ammar/Robotics/Graduation_Project/ACSAR_ws/src/robot_control/src/Hardware_Interface.cpp:367:40:[m[K [01;31m[Kerror: [m[Kno matching function for call to â€˜[01m[KLibSerial::SerialPort::ReadByte()[m[Kâ€™
[2.489s]   367 |                 e.what(), [01;31m[KAVR_.ReadByte()[m[K.c_str());
[2.489s]       |                           [01;31m[K~~~~~~~~~~~~~^~[m[K
[2.489s] In file included from [01m[K/home/ammar/Robotics/Graduation_Project/ACSAR_ws/src/robot_control/include/robot_control/Hardware_Interface.hpp:21[m[K,
[2.489s]                  from [01m[K/home/ammar/Robotics/Graduation_Project/ACSAR_ws/src/robot_control/src/Hardware_Interface.cpp:1[m[K:
[2.489s] [01m[K/usr/include/libserial/SerialPort.h:354:14:[m[K [01;36m[Knote: [m[Kcandidate: â€˜[01m[Kvoid LibSerial::SerialPort::ReadByte(char&, size_t)[m[Kâ€™
[2.490s]   354 |         void [01;36m[KReadByte[m[K(char&  charBuffer,
[2.490s]       |              [01;36m[K^~~~~~~~[m[K
[2.491s] [01m[K/usr/include/libserial/SerialPort.h:354:14:[m[K [01;36m[Knote: [m[K  candidate expects 2 arguments, 0 provided
[2.491s] [01m[K/usr/include/libserial/SerialPort.h:366:14:[m[K [01;36m[Knote: [m[Kcandidate: â€˜[01m[Kvoid LibSerial::SerialPort::ReadByte(unsigned char&, size_t)[m[Kâ€™
[2.491s]   366 |         void [01;36m[KReadByte[m[K(unsigned char& charBuffer,
[2.491s]       |              [01;36m[K^~~~~~~~[m[K
[2.491s] [01m[K/usr/include/libserial/SerialPort.h:366:14:[m[K [01;36m[Knote: [m[K  candidate expects 2 arguments, 0 provided
[2.495s] [01m[K/home/ammar/Robotics/Graduation_Project/ACSAR_ws/src/robot_control/src/Hardware_Interface.cpp:[m[K In member function â€˜[01m[Kvirtual hardware_interface::return_type ACSAR_firmware::ACSARInterface::write(const rclcpp::Time&, const rclcpp::Duration&)[m[Kâ€™:
[2.495s] [01m[K/home/ammar/Robotics/Graduation_Project/ACSAR_ws/src/robot_control/src/Hardware_Interface.cpp:384:79:[m[K [01;35m[Kwarning: [m[Kunused parameter â€˜[01m[Ktime[m[Kâ€™ [[01;35m[K]8;;https://gcc.gnu.org/onlinedocs/gcc/Warning-Options.html#index-Wunused-parameter-Wunused-parameter]8;;[m[K]
[2.495s]   384 | ware_interface::return_type ACSARInterface::write([01;35m[Kconst rclcpp::Time &time[m[K, const rclcpp::Duration &period)
[2.495s]       |                                                   [01;35m[K~~~~~~~~~~~~~~~~~~~~^~~~[m[K
[2.495s] 
[2.495s] [01m[K/home/ammar/Robotics/Graduation_Project/ACSAR_ws/src/robot_control/src/Hardware_Interface.cpp:384:109:[m[K [01;35m[Kwarning: [m[Kunused parameter â€˜[01m[Kperiod[m[Kâ€™ [[01;35m[K]8;;https://gcc.gnu.org/onlinedocs/gcc/Warning-Options.html#index-Wunused-parameter-Wunused-parameter]8;;[m[K]
[2.496s]   384 | e ACSARInterface::write(const rclcpp::Time &time, [01;35m[Kconst rclcpp::Duration &period[m[K)
[2.496s]       |                                                   [01;35m[K~~~~~~~~~~~~~~~~~~~~~~~~^~~~~~[m[K
[2.496s] 
[3.485s] gmake[2]: *** [CMakeFiles/robot_control.dir/build.make:76: CMakeFiles/robot_control.dir/src/Hardware_Interface.cpp.o] Error 1
[3.485s] gmake[1]: *** [CMakeFiles/Makefile2:137: CMakeFiles/robot_control.dir/all] Error 2
[3.485s] gmake: *** [Makefile:146: all] Error 2
[3.487s] Invoked command in '/home/ammar/Robotics/Graduation_Project/ACSAR_ws/build/robot_control' returned '2': CMAKE_PREFIX_PATH=${CMAKE_PREFIX_PATH}:/opt/ros/humble /usr/bin/cmake --build /home/ammar/Robotics/Graduation_Project/ACSAR_ws/build/robot_control -- -j12 -l12
