[0.028s] Invoking command in '/home/ammar/Robotics/Graduation_Project/ACSAR_ws/build/robot_control': CMAKE_PREFIX_PATH=${CMAKE_PREFIX_PATH}:/opt/ros/humble /usr/bin/cmake --build /home/ammar/Robotics/Graduation_Project/ACSAR_ws/build/robot_control -- -j12 -l12
[0.068s] [35m[1mConsolidate compiler generated dependencies of target robot_control[0m
[0.089s] [ 50%] [32mBuilding CXX object CMakeFiles/robot_control.dir/src/Hardware_Interface.cpp.o[0m
[2.338s] [01m[K/home/ammar/Robotics/Graduation_Project/ACSAR_ws/src/robot_control/src/Hardware_Interface.cpp:[m[K In destructor â€˜[01m[Kvirtual ACSAR_firmware::ACSARInterface::~ACSARInterface()[m[Kâ€™:
[2.338s] [01m[K/home/ammar/Robotics/Graduation_Project/ACSAR_ws/src/robot_control/src/Hardware_Interface.cpp:12:18:[m[K [01;31m[Kerror: [m[Kâ€˜[01m[Kclass LibSerial::SerialPort[m[Kâ€™ has no member named â€˜[01m[KisOpen[m[Kâ€™; did you mean â€˜[01m[KIsOpen[m[Kâ€™?
[2.338s]    12 |         if (AVR_.[01;31m[KisOpen[m[K())
[2.338s]       |                  [01;31m[K^~~~~~[m[K
[2.338s]       |                  [32m[KIsOpen[m[K
[2.338s] [01m[K/home/ammar/Robotics/Graduation_Project/ACSAR_ws/src/robot_control/src/Hardware_Interface.cpp:14:16:[m[K [01;31m[Kerror: [m[Kexpected â€˜[01m[K{[m[Kâ€™ before â€˜[01m[K:[m[Kâ€™ token
[2.338s]    14 |             try[01;31m[K:[m[K
[2.338s]       |                [01;31m[K^[m[K
[2.338s] [01m[K/home/ammar/Robotics/Graduation_Project/ACSAR_ws/src/robot_control/src/Hardware_Interface.cpp:14:16:[m[K [01;31m[Kerror: [m[Kexpected â€˜[01m[Kcatch[m[Kâ€™ before â€˜[01m[K:[m[Kâ€™ token
[2.338s] [01m[K/home/ammar/Robotics/Graduation_Project/ACSAR_ws/src/robot_control/src/Hardware_Interface.cpp:14:16:[m[K [01;31m[Kerror: [m[Kexpected â€˜[01m[K([m[Kâ€™ before â€˜[01m[K:[m[Kâ€™ token
[2.338s]    14 |             try[01;31m[K:[m[K
[2.338s]       |                [01;31m[K^[m[K
[2.339s]       |                [32m[K([m[K
[2.339s] [01m[K/home/ammar/Robotics/Graduation_Project/ACSAR_ws/src/robot_control/src/Hardware_Interface.cpp:14:16:[m[K [01;31m[Kerror: [m[Kexpected type-specifier before â€˜[01m[K:[m[Kâ€™ token
[2.339s] [01m[K/home/ammar/Robotics/Graduation_Project/ACSAR_ws/src/robot_control/src/Hardware_Interface.cpp:14:16:[m[K [01;31m[Kerror: [m[Kexpected â€˜[01m[K)[m[Kâ€™ before â€˜[01m[K:[m[Kâ€™ token
[2.339s]    14 |             try[01;31m[K:[m[K
[2.339s]       |                [01;31m[K^[m[K
[2.339s]       |                [32m[K)[m[K
[2.339s] [01m[K/home/ammar/Robotics/Graduation_Project/ACSAR_ws/src/robot_control/src/Hardware_Interface.cpp:14:16:[m[K [01;31m[Kerror: [m[Kexpected â€˜[01m[K{[m[Kâ€™ before â€˜[01m[K:[m[Kâ€™ token
[2.339s] [01m[K/home/ammar/Robotics/Graduation_Project/ACSAR_ws/src/robot_control/src/Hardware_Interface.cpp:14:16:[m[K [01;31m[Kerror: [m[Kexpected primary-expression before â€˜[01m[K:[m[Kâ€™ token
[2.339s] [01m[K/home/ammar/Robotics/Graduation_Project/ACSAR_ws/src/robot_control/src/Hardware_Interface.cpp:18:13:[m[K [01;31m[Kerror: [m[Kexpected primary-expression before â€˜[01m[Kcatch[m[Kâ€™
[2.339s]    18 |             [01;31m[Kcatch[m[K (const LibSerial::SerialPortError &e)
[2.339s]       |             [01;31m[K^~~~~[m[K
[2.340s] [01m[K/home/ammar/Robotics/Graduation_Project/ACSAR_ws/src/robot_control/src/Hardware_Interface.cpp:[m[K At global scope:
[2.340s] [01m[K/home/ammar/Robotics/Graduation_Project/ACSAR_ws/src/robot_control/src/Hardware_Interface.cpp:25:5:[m[K [01;31m[Kerror: [m[Kâ€˜[01m[KCallbackReturn[m[Kâ€™ does not name a type
[2.340s]    25 |     [01;31m[KCallbackReturn[m[K ACSARInterface::on_init(const hardware_interface::HardwareInfo & info)
[2.340s]       |     [01;31m[K^~~~~~~~~~~~~~[m[K
[2.343s] [01m[K/home/ammar/Robotics/Graduation_Project/ACSAR_ws/src/robot_control/src/Hardware_Interface.cpp:[m[K In member function â€˜[01m[Kvirtual std::vector<hardware_interface::StateInterface> ACSAR_firmware::ACSARInterface::export_state_interfaces()[m[Kâ€™:
[2.343s] [01m[K/home/ammar/Robotics/Graduation_Project/ACSAR_ws/src/robot_control/src/Hardware_Interface.cpp:74:59:[m[K [01;31m[Kerror: [m[Kâ€˜[01m[KHW_IF_POSITION[m[Kâ€™ is not a member of â€˜[01m[Khardware_interface[m[Kâ€™
[2.343s]    74 |           info_.joints[i].name, hardware_interface::[01;31m[KHW_IF_POSITION[m[K, &position_states_[i]));
[2.343s]       |                                                     [01;31m[K^~~~~~~~~~~~~~[m[K
[2.343s] 
[2.343s] [01m[K/home/ammar/Robotics/Graduation_Project/ACSAR_ws/src/robot_control/src/Hardware_Interface.cpp:77:59:[m[K [01;31m[Kerror: [m[Kâ€˜[01m[KHW_IF_VELOCITY[m[Kâ€™ is not a member of â€˜[01m[Khardware_interface[m[Kâ€™
[2.343s]    77 |           info_.joints[i].name, hardware_interface::[01;31m[KHW_IF_VELOCITY[m[K, &velocity_states_[i]));
[2.343s]       |                                                     [01;31m[K^~~~~~~~~~~~~~[m[K
[2.343s] 
[2.346s] [01m[K/home/ammar/Robotics/Graduation_Project/ACSAR_ws/src/robot_control/src/Hardware_Interface.cpp:[m[K In member function â€˜[01m[Kvirtual std::vector<hardware_interface::CommandInterface> ACSAR_firmware::ACSARInterface::export_command_interfaces()[m[Kâ€™:
[2.346s] [01m[K/home/ammar/Robotics/Graduation_Project/ACSAR_ws/src/robot_control/src/Hardware_Interface.cpp:89:59:[m[K [01;31m[Kerror: [m[Kâ€˜[01m[KHW_IF_VELOCITY[m[Kâ€™ is not a member of â€˜[01m[Khardware_interface[m[Kâ€™
[2.346s]    89 |           info_.joints[i].name, hardware_interface::[01;31m[KHW_IF_VELOCITY[m[K, &velocity_commands_[i]));
[2.346s]       |                                                     [01;31m[K^~~~~~~~~~~~~~[m[K
[2.346s] 
[2.348s] [01m[K/home/ammar/Robotics/Graduation_Project/ACSAR_ws/src/robot_control/src/Hardware_Interface.cpp:[m[K At global scope:
[2.348s] [01m[K/home/ammar/Robotics/Graduation_Project/ACSAR_ws/src/robot_control/src/Hardware_Interface.cpp:94:5:[m[K [01;31m[Kerror: [m[Kâ€˜[01m[KCallbackReturn[m[Kâ€™ does not name a type
[2.348s]    94 |     [01;31m[KCallbackReturn[m[K ACSARInterface::on_activate(const rclccp_lifecycle::State &previous_state)
[2.348s]       |     [01;31m[K^~~~~~~~~~~~~~[m[K
[2.350s] [01m[K/home/ammar/Robotics/Graduation_Project/ACSAR_ws/src/robot_control/src/Hardware_Interface.cpp:148:5:[m[K [01;31m[Kerror: [m[Kâ€˜[01m[KCallbackReturn[m[Kâ€™ does not name a type
[2.350s]   148 |     [01;31m[KCallbackReturn[m[K ACSARInterface::on_deactivate(const rclcpp_lifecycle::State &previous_state)
[2.350s]       |     [01;31m[K^~~~~~~~~~~~~~[m[K
[2.350s] [01m[K/home/ammar/Robotics/Graduation_Project/ACSAR_ws/src/robot_control/src/Hardware_Interface.cpp:[m[K In member function â€˜[01m[Kvirtual hardware_interface::return_type ACSAR_firmware::ACSARInterface::read(const rclcpp::Time&, const rclcpp::Duration&)[m[Kâ€™:
[2.350s] [01m[K/home/ammar/Robotics/Graduation_Project/ACSAR_ws/src/robot_control/src/Hardware_Interface.cpp:177:46:[m[K [01;31m[Kerror: [m[Kcannot call member function â€˜[01m[Krclcpp::Time rclcpp::Clock::now()[m[Kâ€™ without object
[2.350s]   177 |                 auto dt = ([01;31m[Krclcpp::Clock::now()[m[K - last_read_time_).seconds();
[2.350s]       |                            [01;31m[K~~~~~~~~~~~~~~~~~~^~[m[K
[2.354s] [01m[K/home/ammar/Robotics/Graduation_Project/ACSAR_ws/src/robot_control/src/Hardware_Interface.cpp:181:17:[m[K [01;31m[Kerror: [m[Kâ€˜[01m[Kmessage[m[Kâ€™ was not declared in this scope; did you mean â€˜[01m[Kmesaage[m[Kâ€™?
[2.354s]   181 |                 [01;31m[Kmessage[m[K.erase(std::remove(message.begin(), message.end(), '\r'), message.end());
[2.354s]       |                 [01;31m[K^~~~~~~[m[K
[2.354s]       |                 [32m[Kmesaage[m[K
[2.356s] [01m[K/home/ammar/Robotics/Graduation_Project/ACSAR_ws/src/robot_control/src/Hardware_Interface.cpp:247:53:[m[K [01;31m[Kerror: [m[Kcannot call member function â€˜[01m[Krclcpp::Time rclcpp::Clock::now()[m[Kâ€™ without object
[2.356s]   247 |                 last_read_time_ = [01;31m[Krclcpp::Clock::now()[m[K;
[2.356s]       |                                   [01;31m[K~~~~~~~~~~~~~~~~~~^~[m[K
[2.356s] [01m[K/home/ammar/Robotics/Graduation_Project/ACSAR_ws/src/robot_control/src/Hardware_Interface.cpp:249:53:[m[K [01;31m[Kerror: [m[Kexpected unqualified-id before â€˜[01m[K&[m[Kâ€™ token
[2.356s]   249 |             catch (const LibSerial::SerialPortError [01;31m[K&[m[Ke)
[2.356s]       |                                                     [01;31m[K^[m[K
[2.356s] [01m[K/home/ammar/Robotics/Graduation_Project/ACSAR_ws/src/robot_control/src/Hardware_Interface.cpp:249:52:[m[K [01;31m[Kerror: [m[Kexpected â€˜[01m[K)[m[Kâ€™ before â€˜[01m[K&[m[Kâ€™ token
[2.356s]   249 |             catch [34m[K([m[Kconst LibSerial::SerialPortError[01;31m[K [m[K[32m[K&[m[Ke)
[2.356s]       |                   [34m[K~[m[K                                [01;31m[K^[m[K[32m[K~[m[K
[2.356s]       |                                                    [32m[K)[m[K
[2.356s] [01m[K/home/ammar/Robotics/Graduation_Project/ACSAR_ws/src/robot_control/src/Hardware_Interface.cpp:249:53:[m[K [01;31m[Kerror: [m[Kexpected â€˜[01m[K{[m[Kâ€™ before â€˜[01m[K&[m[Kâ€™ token
[2.356s]   249 |             catch (const LibSerial::SerialPortError [01;31m[K&[m[Ke)
[2.356s]       |                                                     [01;31m[K^[m[K
[2.359s] [01m[K/home/ammar/Robotics/Graduation_Project/ACSAR_ws/src/robot_control/src/Hardware_Interface.cpp:249:54:[m[K [01;31m[Kerror: [m[Kâ€˜[01m[Ke[m[Kâ€™ was not declared in this scope
[2.359s]   249 |             catch (const LibSerial::SerialPortError &[01;31m[Ke[m[K)
[2.359s]       |                                                      [01;31m[K^[m[K
[2.359s] [01m[K/home/ammar/Robotics/Graduation_Project/ACSAR_ws/src/robot_control/src/Hardware_Interface.cpp:254:13:[m[K [01;31m[Kerror: [m[Kexpected primary-expression before â€˜[01m[Kcatch[m[Kâ€™
[2.359s]   254 |             [01;31m[Kcatch[m[K (const std::exception &e)
[2.360s]       |             [01;31m[K^~~~~[m[K
[2.360s] [01m[K/home/ammar/Robotics/Graduation_Project/ACSAR_ws/src/robot_control/src/Hardware_Interface.cpp:172:78:[m[K [01;35m[Kwarning: [m[Kunused parameter â€˜[01m[Ktime[m[Kâ€™ [[01;35m[K]8;;https://gcc.gnu.org/onlinedocs/gcc/Warning-Options.html#index-Wunused-parameter-Wunused-parameter]8;;[m[K]
[2.360s]   172 | eturn_type ACSARInterface::read([01;35m[Kconst rclcpp::Time &time[m[K, const rclcpp::Duration &period)
[2.360s]       |                                 [01;35m[K~~~~~~~~~~~~~~~~~~~~^~~~[m[K
[2.360s] 
[2.360s] [01m[K/home/ammar/Robotics/Graduation_Project/ACSAR_ws/src/robot_control/src/Hardware_Interface.cpp:172:108:[m[K [01;35m[Kwarning: [m[Kunused parameter â€˜[01m[Kperiod[m[Kâ€™ [[01;35m[K]8;;https://gcc.gnu.org/onlinedocs/gcc/Warning-Options.html#index-Wunused-parameter-Wunused-parameter]8;;[m[K]
[2.360s]   172 | :read(const rclcpp::Time &time, [01;35m[Kconst rclcpp::Duration &period[m[K)
[2.360s]       |                                 [01;35m[K~~~~~~~~~~~~~~~~~~~~~~~~^~~~~~[m[K
[2.360s] 
[2.360s] [01m[K/home/ammar/Robotics/Graduation_Project/ACSAR_ws/src/robot_control/src/Hardware_Interface.cpp:[m[K In member function â€˜[01m[Kvirtual hardware_interface::return_type ACSAR_firmware::ACSARInterface::write(const rclcpp::Time&, const rclcpp::Duration&)[m[Kâ€™:
[2.360s] [01m[K/home/ammar/Robotics/Graduation_Project/ACSAR_ws/src/robot_control/src/Hardware_Interface.cpp:270:28:[m[K [01;31m[Kerror: [m[Kexpected â€˜[01m[K;[m[Kâ€™ before â€˜[01m[K<[m[Kâ€™ token
[2.360s]   270 |         for (size_t i = 0,i[01;31m[K [m[K[32m[K<[m[K info_.joints.size(); i++)
[2.360s]       |                            [01;31m[K^[m[K[32m[K~[m[K
[2.360s]       |                            [32m[K;[m[K
[2.360s] [01m[K/home/ammar/Robotics/Graduation_Project/ACSAR_ws/src/robot_control/src/Hardware_Interface.cpp:270:29:[m[K [01;31m[Kerror: [m[Kexpected primary-expression before â€˜[01m[K<[m[Kâ€™ token
[2.360s]   270 |         for (size_t i = 0,i [01;31m[K<[m[K info_.joints.size(); i++)
[2.361s]       |                             [01;31m[K^[m[K
[2.366s] [01m[K/home/ammar/Robotics/Graduation_Project/ACSAR_ws/src/robot_control/src/Hardware_Interface.cpp:290:13:[m[K [01;31m[Kerror: [m[Kâ€˜[01m[Karduino_[m[Kâ€™ was not declared in this scope
[2.366s]   290 |             [01;31m[Karduino_[m[K.Write(message);
[2.366s]       |             [01;31m[K^~~~~~~~[m[K
[2.367s] [01m[K/home/ammar/Robotics/Graduation_Project/ACSAR_ws/src/robot_control/src/Hardware_Interface.cpp:263:79:[m[K [01;35m[Kwarning: [m[Kunused parameter â€˜[01m[Ktime[m[Kâ€™ [[01;35m[K]8;;https://gcc.gnu.org/onlinedocs/gcc/Warning-Options.html#index-Wunused-parameter-Wunused-parameter]8;;[m[K]
[2.367s]   263 | turn_type ACSARInterface::write([01;35m[Kconst rclcpp::Time &time[m[K, const rclcpp::Duration &period)
[2.367s]       |                                 [01;35m[K~~~~~~~~~~~~~~~~~~~~^~~~[m[K
[2.367s] 
[2.367s] [01m[K/home/ammar/Robotics/Graduation_Project/ACSAR_ws/src/robot_control/src/Hardware_Interface.cpp:263:109:[m[K [01;35m[Kwarning: [m[Kunused parameter â€˜[01m[Kperiod[m[Kâ€™ [[01;35m[K]8;;https://gcc.gnu.org/onlinedocs/gcc/Warning-Options.html#index-Wunused-parameter-Wunused-parameter]8;;[m[K]
[2.367s]   263 | write(const rclcpp::Time &time, [01;35m[Kconst rclcpp::Duration &period[m[K)
[2.367s]       |                                 [01;35m[K~~~~~~~~~~~~~~~~~~~~~~~~^~~~~~[m[K
[2.367s] 
[2.870s] gmake[2]: *** [CMakeFiles/robot_control.dir/build.make:76: CMakeFiles/robot_control.dir/src/Hardware_Interface.cpp.o] Error 1
[2.871s] gmake[1]: *** [CMakeFiles/Makefile2:137: CMakeFiles/robot_control.dir/all] Error 2
[2.871s] gmake: *** [Makefile:146: all] Error 2
[2.873s] Invoked command in '/home/ammar/Robotics/Graduation_Project/ACSAR_ws/build/robot_control' returned '2': CMAKE_PREFIX_PATH=${CMAKE_PREFIX_PATH}:/opt/ros/humble /usr/bin/cmake --build /home/ammar/Robotics/Graduation_Project/ACSAR_ws/build/robot_control -- -j12 -l12
